<?xml version="1.0" encoding="UTF-8"?>
<!-- Generated by org.testng.reporters.JUnitXMLReporter -->
<testsuite ignored="0" hostname="DESKTOP-MB4948P" failures="0" tests="5" name="Test" time="0.293" errors="0" timestamp="2020-05-21T18:05:31 IST">
  <testcase classname="excercise.Page1" name="testexecutionTest2" time="0.026"/>
  <testcase classname="excercise.Page1" name="testexecutionTest1" time="0.007"/>
  <testcase classname="excercise.Page2" name="testexecution" time="0.007"/>
  <testcase classname="excercise.Page3" name="testexecution" time="0.004"/>
  <testcase classname="excercise.Page4" name="testexecution" time="0.008"/>
</testsuite> <!-- Test -->
